<?xml version="1.0" encoding="UTF-8"?>
<!-- Generated by org.testng.reporters.JUnitReportReporter -->
<testsuite hostname="DESKTOP-QNHJ5Q7" failures="0" tests="1" name="testrunner.NewTest" time="0.018" errors="0" timestamp="2023-10-26T22:25:17 PDT" skipped="0">
  <testcase classname="testrunner.NewTest" name="f" time="0.018"/>
  <system-out/>
</testsuite> <!-- testrunner.NewTest -->
